Warning: You are sending unauthenticated requests to the HF Hub. Please set a HF_TOKEN to enable higher rate limits and faster downloads.

Loading weights:   0%|          | 0/103 [00:00<?, ?it/s]
Loading weights:   1%|          | 1/103 [00:00<00:00, 31068.92it/s, Materializing param=embeddings.LayerNorm.bias]
Loading weights:   1%|          | 1/103 [00:00<00:00, 14665.40it/s, Materializing param=embeddings.LayerNorm.bias]
Loading weights:   2%|▏         | 2/103 [00:00<00:00, 1062.79it/s, Materializing param=embeddings.LayerNorm.weight]
Loading weights:   2%|▏         | 2/103 [00:00<00:00, 1043.75it/s, Materializing param=embeddings.LayerNorm.weight]
Loading weights:   3%|▎         | 3/103 [00:00<00:00, 1520.59it/s, Materializing param=embeddings.position_embeddings.weight]
Loading weights:   3%|▎         | 3/103 [00:00<00:00, 1499.22it/s, Materializing param=embeddings.position_embeddings.weight]
Loading weights:   4%|▍         | 4/103 [00:00<00:00, 1947.44it/s, Materializing param=embeddings.token_type_embeddings.weight]
Loading weights:   4%|▍         | 4/103 [00:00<00:00, 1925.10it/s, Materializing param=embeddings.token_type_embeddings.weight]
Loading weights:   5%|▍         | 5/103 [00:00<00:00, 2351.33it/s, Materializing param=embeddings.word_embeddings.weight]      
Loading weights:   5%|▍         | 5/103 [00:00<00:00, 2325.78it/s, Materializing param=embeddings.word_embeddings.weight]
Loading weights:   6%|▌         | 6/103 [00:00<00:00, 2623.90it/s, Materializing param=encoder.layer.0.attention.output.LayerNorm.bias]
Loading weights:   6%|▌         | 6/103 [00:00<00:00, 2594.95it/s, Materializing param=encoder.layer.0.attention.output.LayerNorm.bias]
Loading weights:   7%|▋         | 7/103 [00:00<00:00, 2916.76it/s, Materializing param=encoder.layer.0.attention.output.LayerNorm.weight]
Loading weights:   7%|▋         | 7/103 [00:00<00:00, 2890.91it/s, Materializing param=encoder.layer.0.attention.output.LayerNorm.weight]
Loading weights:   8%|▊         | 8/103 [00:00<00:00, 3179.31it/s, Materializing param=encoder.layer.0.attention.output.dense.bias]      
Loading weights:   8%|▊         | 8/103 [00:00<00:00, 3150.95it/s, Materializing param=encoder.layer.0.attention.output.dense.bias]
Loading weights:   9%|▊         | 9/103 [00:00<00:00, 3075.75it/s, Materializing param=encoder.layer.0.attention.output.dense.weight]
Loading weights:   9%|▊         | 9/103 [00:00<00:00, 3035.44it/s, Materializing param=encoder.layer.0.attention.output.dense.weight]
Loading weights:  10%|▉         | 10/103 [00:00<00:00, 3252.41it/s, Materializing param=encoder.layer.0.attention.self.key.bias]     
Loading weights:  10%|▉         | 10/103 [00:00<00:00, 3227.88it/s, Materializing param=encoder.layer.0.attention.self.key.bias]
Loading weights:  11%|█         | 11/103 [00:00<00:00, 3462.21it/s, Materializing param=encoder.layer.0.attention.self.key.weight]
Loading weights:  11%|█         | 11/103 [00:00<00:00, 3437.19it/s, Materializing param=encoder.layer.0.attention.self.key.weight]
Loading weights:  12%|█▏        | 12/103 [00:00<00:00, 3576.21it/s, Materializing param=encoder.layer.0.attention.self.query.bias]
Loading weights:  12%|█▏        | 12/103 [00:00<00:00, 3551.49it/s, Materializing param=encoder.layer.0.attention.self.query.bias]
Loading weights:  13%|█▎        | 13/103 [00:00<00:00, 3414.92it/s, Materializing param=encoder.layer.0.attention.self.query.weight]
Loading weights:  13%|█▎        | 13/103 [00:00<00:00, 3394.29it/s, Materializing param=encoder.layer.0.attention.self.query.weight]
Loading weights:  14%|█▎        | 14/103 [00:00<00:00, 3611.55it/s, Materializing param=encoder.layer.0.attention.self.value.bias]  
Loading weights:  14%|█▎        | 14/103 [00:00<00:00, 3589.70it/s, Materializing param=encoder.layer.0.attention.self.value.bias]
Loading weights:  15%|█▍        | 15/103 [00:00<00:00, 3421.87it/s, Materializing param=encoder.layer.0.attention.self.value.weight]
Loading weights:  15%|█▍        | 15/103 [00:00<00:00, 3403.36it/s, Materializing param=encoder.layer.0.attention.self.value.weight]
Loading weights:  16%|█▌        | 16/103 [00:00<00:00, 3587.75it/s, Materializing param=encoder.layer.0.intermediate.dense.bias]    
Loading weights:  16%|█▌        | 16/103 [00:00<00:00, 3569.62it/s, Materializing param=encoder.layer.0.intermediate.dense.bias]
Loading weights:  17%|█▋        | 17/103 [00:00<00:00, 3727.88it/s, Materializing param=encoder.layer.0.intermediate.dense.weight]
Loading weights:  17%|█▋        | 17/103 [00:00<00:00, 3709.46it/s, Materializing param=encoder.layer.0.intermediate.dense.weight]
Loading weights:  17%|█▋        | 18/103 [00:00<00:00, 3886.21it/s, Materializing param=encoder.layer.0.output.LayerNorm.bias]    
Loading weights:  17%|█▋        | 18/103 [00:00<00:00, 3867.70it/s, Materializing param=encoder.layer.0.output.LayerNorm.bias]
Loading weights:  18%|█▊        | 19/103 [00:00<00:00, 4033.60it/s, Materializing param=encoder.layer.0.output.LayerNorm.weight]
Loading weights:  18%|█▊        | 19/103 [00:00<00:00, 4014.70it/s, Materializing param=encoder.layer.0.output.LayerNorm.weight]
Loading weights:  19%|█▉        | 20/103 [00:00<00:00, 4183.84it/s, Materializing param=encoder.layer.0.output.dense.bias]      
Loading weights:  19%|█▉        | 20/103 [00:00<00:00, 4164.73it/s, Materializing param=encoder.layer.0.output.dense.bias]
Loading weights:  20%|██        | 21/103 [00:00<00:00, 4263.33it/s, Materializing param=encoder.layer.0.output.dense.weight]
Loading weights:  20%|██        | 21/103 [00:00<00:00, 4242.79it/s, Materializing param=encoder.layer.0.output.dense.weight]
Loading weights:  21%|██▏       | 22/103 [00:00<00:00, 4204.62it/s, Materializing param=encoder.layer.1.attention.output.LayerNorm.bias]
Loading weights:  21%|██▏       | 22/103 [00:00<00:00, 4184.98it/s, Materializing param=encoder.layer.1.attention.output.LayerNorm.bias]
Loading weights:  22%|██▏       | 23/103 [00:00<00:00, 3894.28it/s, Materializing param=encoder.layer.1.attention.output.LayerNorm.weight]
Loading weights:  22%|██▏       | 23/103 [00:00<00:00, 3878.31it/s, Materializing param=encoder.layer.1.attention.output.LayerNorm.weight]
Loading weights:  23%|██▎       | 24/103 [00:00<00:00, 4011.45it/s, Materializing param=encoder.layer.1.attention.output.dense.bias]      
Loading weights:  23%|██▎       | 24/103 [00:00<00:00, 3996.80it/s, Materializing param=encoder.layer.1.attention.output.dense.bias]
Loading weights:  24%|██▍       | 25/103 [00:00<00:00, 4124.35it/s, Materializing param=encoder.layer.1.attention.output.dense.weight]
Loading weights:  24%|██▍       | 25/103 [00:00<00:00, 4108.84it/s, Materializing param=encoder.layer.1.attention.output.dense.weight]
Loading weights:  25%|██▌       | 26/103 [00:00<00:00, 4238.98it/s, Materializing param=encoder.layer.1.attention.self.key.bias]      
Loading weights:  25%|██▌       | 26/103 [00:00<00:00, 4223.54it/s, Materializing param=encoder.layer.1.attention.self.key.bias]
Loading weights:  26%|██▌       | 27/103 [00:00<00:00, 4345.60it/s, Materializing param=encoder.layer.1.attention.self.key.weight]
Loading weights:  26%|██▌       | 27/103 [00:00<00:00, 4329.65it/s, Materializing param=encoder.layer.1.attention.self.key.weight]
Loading weights:  27%|██▋       | 28/103 [00:00<00:00, 4249.09it/s, Materializing param=encoder.layer.1.attention.self.query.bias]
Loading weights:  27%|██▋       | 28/103 [00:00<00:00, 4233.16it/s, Materializing param=encoder.layer.1.attention.self.query.bias]
Loading weights:  28%|██▊       | 29/103 [00:00<00:00, 4333.11it/s, Materializing param=encoder.layer.1.attention.self.query.weight]
Loading weights:  28%|██▊       | 29/103 [00:00<00:00, 4318.19it/s, Materializing param=encoder.layer.1.attention.self.query.weight]
Loading weights:  29%|██▉       | 30/103 [00:00<00:00, 4202.29it/s, Materializing param=encoder.layer.1.attention.self.value.bias]  
Loading weights:  29%|██▉       | 30/103 [00:00<00:00, 4187.33it/s, Materializing param=encoder.layer.1.attention.self.value.bias]
Loading weights:  30%|███       | 31/103 [00:00<00:00, 4290.64it/s, Materializing param=encoder.layer.1.attention.self.value.weight]
Loading weights:  30%|███       | 31/103 [00:00<00:00, 4277.09it/s, Materializing param=encoder.layer.1.attention.self.value.weight]
Loading weights:  31%|███       | 32/103 [00:00<00:00, 4369.78it/s, Materializing param=encoder.layer.1.intermediate.dense.bias]    
Loading weights:  31%|███       | 32/103 [00:00<00:00, 4355.03it/s, Materializing param=encoder.layer.1.intermediate.dense.bias]
Loading weights:  32%|███▏      | 33/103 [00:00<00:00, 4274.09it/s, Materializing param=encoder.layer.1.intermediate.dense.weight]
Loading weights:  32%|███▏      | 33/103 [00:00<00:00, 4233.82it/s, Materializing param=encoder.layer.1.intermediate.dense.weight]
Loading weights:  33%|███▎      | 34/103 [00:00<00:00, 4334.28it/s, Materializing param=encoder.layer.1.output.LayerNorm.bias]    
Loading weights:  33%|███▎      | 34/103 [00:00<00:00, 4321.01it/s, Materializing param=encoder.layer.1.output.LayerNorm.bias]
Loading weights:  34%|███▍      | 35/103 [00:00<00:00, 4417.05it/s, Materializing param=encoder.layer.1.output.LayerNorm.weight]
Loading weights:  34%|███▍      | 35/103 [00:00<00:00, 4403.93it/s, Materializing param=encoder.layer.1.output.LayerNorm.weight]
Loading weights:  35%|███▍      | 36/103 [00:00<00:00, 4190.93it/s, Materializing param=encoder.layer.1.output.dense.bias]      
Loading weights:  35%|███▍      | 36/103 [00:00<00:00, 4178.40it/s, Materializing param=encoder.layer.1.output.dense.bias]
Loading weights:  36%|███▌      | 37/103 [00:00<00:00, 3866.97it/s, Materializing param=encoder.layer.1.output.dense.weight]
Loading weights:  36%|███▌      | 37/103 [00:00<00:00, 3856.59it/s, Materializing param=encoder.layer.1.output.dense.weight]
Loading weights:  37%|███▋      | 38/103 [00:00<00:00, 3930.93it/s, Materializing param=encoder.layer.2.attention.output.LayerNorm.bias]
Loading weights:  37%|███▋      | 38/103 [00:00<00:00, 3920.39it/s, Materializing param=encoder.layer.2.attention.output.LayerNorm.bias]
Loading weights:  38%|███▊      | 39/103 [00:00<00:00, 4001.42it/s, Materializing param=encoder.layer.2.attention.output.LayerNorm.weight]
Loading weights:  38%|███▊      | 39/103 [00:00<00:00, 3991.55it/s, Materializing param=encoder.layer.2.attention.output.LayerNorm.weight]
Loading weights:  39%|███▉      | 40/103 [00:00<00:00, 4067.70it/s, Materializing param=encoder.layer.2.attention.output.dense.bias]      
Loading weights:  39%|███▉      | 40/103 [00:00<00:00, 4057.66it/s, Materializing param=encoder.layer.2.attention.output.dense.bias]
Loading weights:  40%|███▉      | 41/103 [00:00<00:00, 4137.29it/s, Materializing param=encoder.layer.2.attention.output.dense.weight]
Loading weights:  40%|███▉      | 41/103 [00:00<00:00, 4127.16it/s, Materializing param=encoder.layer.2.attention.output.dense.weight]
Loading weights:  41%|████      | 42/103 [00:00<00:00, 4122.26it/s, Materializing param=encoder.layer.2.attention.self.key.bias]      
Loading weights:  41%|████      | 42/103 [00:00<00:00, 4111.97it/s, Materializing param=encoder.layer.2.attention.self.key.bias]
Loading weights:  42%|████▏     | 43/103 [00:00<00:00, 4189.53it/s, Materializing param=encoder.layer.2.attention.self.key.weight]
Loading weights:  42%|████▏     | 43/103 [00:00<00:00, 4179.72it/s, Materializing param=encoder.layer.2.attention.self.key.weight]
Loading weights:  43%|████▎     | 44/103 [00:00<00:00, 4226.87it/s, Materializing param=encoder.layer.2.attention.self.query.bias]
Loading weights:  43%|████▎     | 44/103 [00:00<00:00, 4217.02it/s, Materializing param=encoder.layer.2.attention.self.query.bias]
Loading weights:  44%|████▎     | 45/103 [00:00<00:00, 4292.65it/s, Materializing param=encoder.layer.2.attention.self.query.weight]
Loading weights:  44%|████▎     | 45/103 [00:00<00:00, 4282.52it/s, Materializing param=encoder.layer.2.attention.self.query.weight]
Loading weights:  45%|████▍     | 46/103 [00:00<00:00, 4357.32it/s, Materializing param=encoder.layer.2.attention.self.value.bias]  
Loading weights:  45%|████▍     | 46/103 [00:00<00:00, 4347.60it/s, Materializing param=encoder.layer.2.attention.self.value.bias]
Loading weights:  46%|████▌     | 47/103 [00:00<00:00, 4416.74it/s, Materializing param=encoder.layer.2.attention.self.value.weight]
Loading weights:  46%|████▌     | 47/103 [00:00<00:00, 4406.67it/s, Materializing param=encoder.layer.2.attention.self.value.weight]
Loading weights:  47%|████▋     | 48/103 [00:00<00:00, 4478.00it/s, Materializing param=encoder.layer.2.intermediate.dense.bias]    
Loading weights:  47%|████▋     | 48/103 [00:00<00:00, 4467.97it/s, Materializing param=encoder.layer.2.intermediate.dense.bias]
Loading weights:  48%|████▊     | 49/103 [00:00<00:00, 4378.75it/s, Materializing param=encoder.layer.2.intermediate.dense.weight]
Loading weights:  48%|████▊     | 49/103 [00:00<00:00, 4368.79it/s, Materializing param=encoder.layer.2.intermediate.dense.weight]
Loading weights:  49%|████▊     | 50/103 [00:00<00:00, 4410.41it/s, Materializing param=encoder.layer.2.output.LayerNorm.bias]    
Loading weights:  49%|████▊     | 50/103 [00:00<00:00, 4400.70it/s, Materializing param=encoder.layer.2.output.LayerNorm.bias]
Loading weights:  50%|████▉     | 51/103 [00:00<00:00, 4468.36it/s, Materializing param=encoder.layer.2.output.LayerNorm.weight]
Loading weights:  50%|████▉     | 51/103 [00:00<00:00, 4459.14it/s, Materializing param=encoder.layer.2.output.LayerNorm.weight]
Loading weights:  50%|█████     | 52/103 [00:00<00:00, 4525.82it/s, Materializing param=encoder.layer.2.output.dense.bias]      
Loading weights:  50%|█████     | 52/103 [00:00<00:00, 4516.26it/s, Materializing param=encoder.layer.2.output.dense.bias]
Loading weights:  51%|█████▏    | 53/103 [00:00<00:00, 4577.61it/s, Materializing param=encoder.layer.2.output.dense.weight]
Loading weights:  51%|█████▏    | 53/103 [00:00<00:00, 4568.49it/s, Materializing param=encoder.layer.2.output.dense.weight]
Loading weights:  52%|█████▏    | 54/103 [00:00<00:00, 4633.55it/s, Materializing param=encoder.layer.3.attention.output.LayerNorm.bias]
Loading weights:  52%|█████▏    | 54/103 [00:00<00:00, 4623.90it/s, Materializing param=encoder.layer.3.attention.output.LayerNorm.bias]
Loading weights:  53%|█████▎    | 55/103 [00:00<00:00, 4560.74it/s, Materializing param=encoder.layer.3.attention.output.LayerNorm.weight]
Loading weights:  53%|█████▎    | 55/103 [00:00<00:00, 4551.20it/s, Materializing param=encoder.layer.3.attention.output.LayerNorm.weight]
Loading weights:  54%|█████▍    | 56/103 [00:00<00:00, 4365.57it/s, Materializing param=encoder.layer.3.attention.output.dense.bias]      
Loading weights:  54%|█████▍    | 56/103 [00:00<00:00, 4349.73it/s, Materializing param=encoder.layer.3.attention.output.dense.bias]
Loading weights:  55%|█████▌    | 57/103 [00:00<00:00, 4304.41it/s, Materializing param=encoder.layer.3.attention.output.dense.weight]
Loading weights:  55%|█████▌    | 57/103 [00:00<00:00, 4296.13it/s, Materializing param=encoder.layer.3.attention.output.dense.weight]
Loading weights:  56%|█████▋    | 58/103 [00:00<00:00, 4354.44it/s, Materializing param=encoder.layer.3.attention.self.key.bias]      
Loading weights:  56%|█████▋    | 58/103 [00:00<00:00, 4346.58it/s, Materializing param=encoder.layer.3.attention.self.key.bias]
Loading weights:  57%|█████▋    | 59/103 [00:00<00:00, 4403.74it/s, Materializing param=encoder.layer.3.attention.self.key.weight]
Loading weights:  57%|█████▋    | 59/103 [00:00<00:00, 4395.76it/s, Materializing param=encoder.layer.3.attention.self.key.weight]
Loading weights:  58%|█████▊    | 60/103 [00:00<00:00, 4445.63it/s, Materializing param=encoder.layer.3.attention.self.query.bias]
Loading weights:  58%|█████▊    | 60/103 [00:00<00:00, 4437.79it/s, Materializing param=encoder.layer.3.attention.self.query.bias]
Loading weights:  59%|█████▉    | 61/103 [00:00<00:00, 4494.48it/s, Materializing param=encoder.layer.3.attention.self.query.weight]
Loading weights:  59%|█████▉    | 61/103 [00:00<00:00, 4486.59it/s, Materializing param=encoder.layer.3.attention.self.query.weight]
Loading weights:  60%|██████    | 62/103 [00:00<00:00, 4424.45it/s, Materializing param=encoder.layer.3.attention.self.value.bias]  
Loading weights:  60%|██████    | 62/103 [00:00<00:00, 4416.48it/s, Materializing param=encoder.layer.3.attention.self.value.bias]
Loading weights:  61%|██████    | 63/103 [00:00<00:00, 4325.30it/s, Materializing param=encoder.layer.3.attention.self.value.weight]
Loading weights:  61%|██████    | 63/103 [00:00<00:00, 4317.52it/s, Materializing param=encoder.layer.3.attention.self.value.weight]
Loading weights:  62%|██████▏   | 64/103 [00:00<00:00, 4369.92it/s, Materializing param=encoder.layer.3.intermediate.dense.bias]    
Loading weights:  62%|██████▏   | 64/103 [00:00<00:00, 4363.03it/s, Materializing param=encoder.layer.3.intermediate.dense.bias]
Loading weights:  63%|██████▎   | 65/103 [00:00<00:00, 4413.27it/s, Materializing param=encoder.layer.3.intermediate.dense.weight]
Loading weights:  63%|██████▎   | 65/103 [00:00<00:00, 4406.71it/s, Materializing param=encoder.layer.3.intermediate.dense.weight]
Loading weights:  64%|██████▍   | 66/103 [00:00<00:00, 4451.91it/s, Materializing param=encoder.layer.3.output.LayerNorm.bias]    
Loading weights:  64%|██████▍   | 66/103 [00:00<00:00, 4444.97it/s, Materializing param=encoder.layer.3.output.LayerNorm.bias]
Loading weights:  65%|██████▌   | 67/103 [00:00<00:00, 4496.37it/s, Materializing param=encoder.layer.3.output.LayerNorm.weight]
Loading weights:  65%|██████▌   | 67/103 [00:00<00:00, 4489.25it/s, Materializing param=encoder.layer.3.output.LayerNorm.weight]
Loading weights:  66%|██████▌   | 68/103 [00:00<00:00, 4513.50it/s, Materializing param=encoder.layer.3.output.dense.bias]      
Loading weights:  66%|██████▌   | 68/103 [00:00<00:00, 4506.44it/s, Materializing param=encoder.layer.3.output.dense.bias]
Loading weights:  67%|██████▋   | 69/103 [00:00<00:00, 4282.44it/s, Materializing param=encoder.layer.3.output.dense.weight]
Loading weights:  67%|██████▋   | 69/103 [00:00<00:00, 4275.86it/s, Materializing param=encoder.layer.3.output.dense.weight]
Loading weights:  68%|██████▊   | 70/103 [00:00<00:00, 4323.96it/s, Materializing param=encoder.layer.4.attention.output.LayerNorm.bias]
Loading weights:  68%|██████▊   | 70/103 [00:00<00:00, 4317.54it/s, Materializing param=encoder.layer.4.attention.output.LayerNorm.bias]
Loading weights:  69%|██████▉   | 71/103 [00:00<00:00, 4358.39it/s, Materializing param=encoder.layer.4.attention.output.LayerNorm.weight]
Loading weights:  69%|██████▉   | 71/103 [00:00<00:00, 4351.83it/s, Materializing param=encoder.layer.4.attention.output.LayerNorm.weight]
Loading weights:  70%|██████▉   | 72/103 [00:00<00:00, 4398.34it/s, Materializing param=encoder.layer.4.attention.output.dense.bias]      
Loading weights:  70%|██████▉   | 72/103 [00:00<00:00, 4392.20it/s, Materializing param=encoder.layer.4.attention.output.dense.bias]
Loading weights:  71%|███████   | 73/103 [00:00<00:00, 4436.68it/s, Materializing param=encoder.layer.4.attention.output.dense.weight]
Loading weights:  71%|███████   | 73/103 [00:00<00:00, 4430.33it/s, Materializing param=encoder.layer.4.attention.output.dense.weight]
Loading weights:  72%|███████▏  | 74/103 [00:00<00:00, 4476.44it/s, Materializing param=encoder.layer.4.attention.self.key.bias]      
Loading weights:  72%|███████▏  | 74/103 [00:00<00:00, 4469.93it/s, Materializing param=encoder.layer.4.attention.self.key.bias]
Loading weights:  73%|███████▎  | 75/103 [00:00<00:00, 4513.43it/s, Materializing param=encoder.layer.4.attention.self.key.weight]
Loading weights:  73%|███████▎  | 75/103 [00:00<00:00, 4507.03it/s, Materializing param=encoder.layer.4.attention.self.key.weight]
Loading weights:  74%|███████▍  | 76/103 [00:00<00:00, 4548.94it/s, Materializing param=encoder.layer.4.attention.self.query.bias]
Loading weights:  74%|███████▍  | 76/103 [00:00<00:00, 4542.59it/s, Materializing param=encoder.layer.4.attention.self.query.bias]
Loading weights:  75%|███████▍  | 77/103 [00:00<00:00, 4306.15it/s, Materializing param=encoder.layer.4.attention.self.query.weight]
Loading weights:  75%|███████▍  | 77/103 [00:00<00:00, 4299.90it/s, Materializing param=encoder.layer.4.attention.self.query.weight]
Loading weights:  76%|███████▌  | 78/103 [00:00<00:00, 4343.72it/s, Materializing param=encoder.layer.4.attention.self.value.bias]  
Loading weights:  76%|███████▌  | 78/103 [00:00<00:00, 4337.61it/s, Materializing param=encoder.layer.4.attention.self.value.bias]
Loading weights:  77%|███████▋  | 79/103 [00:00<00:00, 4369.93it/s, Materializing param=encoder.layer.4.attention.self.value.weight]
Loading weights:  77%|███████▋  | 79/103 [00:00<00:00, 4364.23it/s, Materializing param=encoder.layer.4.attention.self.value.weight]
Loading weights:  78%|███████▊  | 80/103 [00:00<00:00, 4406.88it/s, Materializing param=encoder.layer.4.intermediate.dense.bias]    
Loading weights:  78%|███████▊  | 80/103 [00:00<00:00, 4401.39it/s, Materializing param=encoder.layer.4.intermediate.dense.bias]
Loading weights:  79%|███████▊  | 81/103 [00:00<00:00, 4392.91it/s, Materializing param=encoder.layer.4.intermediate.dense.weight]
Loading weights:  79%|███████▊  | 81/103 [00:00<00:00, 4387.06it/s, Materializing param=encoder.layer.4.intermediate.dense.weight]
Loading weights:  80%|███████▉  | 82/103 [00:00<00:00, 4428.87it/s, Materializing param=encoder.layer.4.output.LayerNorm.bias]    
Loading weights:  80%|███████▉  | 82/103 [00:00<00:00, 4423.63it/s, Materializing param=encoder.layer.4.output.LayerNorm.bias]
Loading weights:  81%|████████  | 83/103 [00:00<00:00, 4389.89it/s, Materializing param=encoder.layer.4.output.LayerNorm.weight]
Loading weights:  81%|████████  | 83/103 [00:00<00:00, 4384.31it/s, Materializing param=encoder.layer.4.output.LayerNorm.weight]
Loading weights:  82%|████████▏ | 84/103 [00:00<00:00, 4424.59it/s, Materializing param=encoder.layer.4.output.dense.bias]      
Loading weights:  82%|████████▏ | 84/103 [00:00<00:00, 4419.10it/s, Materializing param=encoder.layer.4.output.dense.bias]
Loading weights:  83%|████████▎ | 85/103 [00:00<00:00, 4459.79it/s, Materializing param=encoder.layer.4.output.dense.weight]
Loading weights:  83%|████████▎ | 85/103 [00:00<00:00, 4454.44it/s, Materializing param=encoder.layer.4.output.dense.weight]
Loading weights:  83%|████████▎ | 86/103 [00:00<00:00, 4429.37it/s, Materializing param=encoder.layer.5.attention.output.LayerNorm.bias]
Loading weights:  83%|████████▎ | 86/103 [00:00<00:00, 4423.56it/s, Materializing param=encoder.layer.5.attention.output.LayerNorm.bias]
Loading weights:  84%|████████▍ | 87/103 [00:00<00:00, 4460.44it/s, Materializing param=encoder.layer.5.attention.output.LayerNorm.weight]
Loading weights:  84%|████████▍ | 87/103 [00:00<00:00, 4455.00it/s, Materializing param=encoder.layer.5.attention.output.LayerNorm.weight]
Loading weights:  85%|████████▌ | 88/103 [00:00<00:00, 4494.13it/s, Materializing param=encoder.layer.5.attention.output.dense.bias]      
Loading weights:  85%|████████▌ | 88/103 [00:00<00:00, 4488.89it/s, Materializing param=encoder.layer.5.attention.output.dense.bias]
Loading weights:  86%|████████▋ | 89/103 [00:00<00:00, 4528.00it/s, Materializing param=encoder.layer.5.attention.output.dense.weight]
Loading weights:  86%|████████▋ | 89/103 [00:00<00:00, 4522.57it/s, Materializing param=encoder.layer.5.attention.output.dense.weight]
Loading weights:  87%|████████▋ | 90/103 [00:00<00:00, 4561.62it/s, Materializing param=encoder.layer.5.attention.self.key.bias]      
Loading weights:  87%|████████▋ | 90/103 [00:00<00:00, 4556.33it/s, Materializing param=encoder.layer.5.attention.self.key.bias]
Loading weights:  88%|████████▊ | 91/103 [00:00<00:00, 4591.11it/s, Materializing param=encoder.layer.5.attention.self.key.weight]
Loading weights:  88%|████████▊ | 91/103 [00:00<00:00, 4585.59it/s, Materializing param=encoder.layer.5.attention.self.key.weight]
Loading weights:  89%|████████▉ | 92/103 [00:00<00:00, 4558.33it/s, Materializing param=encoder.layer.5.attention.self.query.bias]
Loading weights:  89%|████████▉ | 92/103 [00:00<00:00, 4553.16it/s, Materializing param=encoder.layer.5.attention.self.query.bias]
Loading weights:  90%|█████████ | 93/103 [00:00<00:00, 4528.49it/s, Materializing param=encoder.layer.5.attention.self.query.weight]
Loading weights:  90%|█████████ | 93/103 [00:00<00:00, 4521.14it/s, Materializing param=encoder.layer.5.attention.self.query.weight]
Loading weights:  91%|█████████▏| 94/103 [00:00<00:00, 4524.91it/s, Materializing param=encoder.layer.5.attention.self.value.bias]  
Loading weights:  91%|█████████▏| 94/103 [00:00<00:00, 4519.72it/s, Materializing param=encoder.layer.5.attention.self.value.bias]
Loading weights:  92%|█████████▏| 95/103 [00:00<00:00, 4550.07it/s, Materializing param=encoder.layer.5.attention.self.value.weight]
Loading weights:  92%|█████████▏| 95/103 [00:00<00:00, 4545.04it/s, Materializing param=encoder.layer.5.attention.self.value.weight]
Loading weights:  93%|█████████▎| 96/103 [00:00<00:00, 4581.64it/s, Materializing param=encoder.layer.5.intermediate.dense.bias]    
Loading weights:  93%|█████████▎| 96/103 [00:00<00:00, 4575.86it/s, Materializing param=encoder.layer.5.intermediate.dense.bias]
Loading weights:  94%|█████████▍| 97/103 [00:00<00:00, 4552.09it/s, Materializing param=encoder.layer.5.intermediate.dense.weight]
Loading weights:  94%|█████████▍| 97/103 [00:00<00:00, 4547.26it/s, Materializing param=encoder.layer.5.intermediate.dense.weight]
Loading weights:  95%|█████████▌| 98/103 [00:00<00:00, 4583.58it/s, Materializing param=encoder.layer.5.output.LayerNorm.bias]    
Loading weights:  95%|█████████▌| 98/103 [00:00<00:00, 4578.88it/s, Materializing param=encoder.layer.5.output.LayerNorm.bias]
Loading weights:  96%|█████████▌| 99/103 [00:00<00:00, 4603.40it/s, Materializing param=encoder.layer.5.output.LayerNorm.weight]
Loading weights:  96%|█████████▌| 99/103 [00:00<00:00, 4598.61it/s, Materializing param=encoder.layer.5.output.LayerNorm.weight]
Loading weights:  97%|█████████▋| 100/103 [00:00<00:00, 4613.28it/s, Materializing param=encoder.layer.5.output.dense.bias]     
Loading weights:  97%|█████████▋| 100/103 [00:00<00:00, 4608.42it/s, Materializing param=encoder.layer.5.output.dense.bias]
Loading weights:  98%|█████████▊| 101/103 [00:00<00:00, 4645.21it/s, Materializing param=encoder.layer.5.output.dense.weight]
Loading weights:  98%|█████████▊| 101/103 [00:00<00:00, 4640.48it/s, Materializing param=encoder.layer.5.output.dense.weight]
Loading weights:  99%|█████████▉| 102/103 [00:00<00:00, 4677.41it/s, Materializing param=pooler.dense.bias]                  
Loading weights:  99%|█████████▉| 102/103 [00:00<00:00, 4672.96it/s, Materializing param=pooler.dense.bias]
Loading weights: 100%|██████████| 103/103 [00:00<00:00, 4710.29it/s, Materializing param=pooler.dense.weight]
Loading weights: 100%|██████████| 103/103 [00:00<00:00, 4705.57it/s, Materializing param=pooler.dense.weight]
Loading weights: 100%|██████████| 103/103 [00:00<00:00, 4694.52it/s, Materializing param=pooler.dense.weight]
[1mBertModel LOAD REPORT[0m from: sentence-transformers/all-MiniLM-L6-v2
Key                     | Status     |  | 
------------------------+------------+--+-
embeddings.position_ids | UNEXPECTED |  | 

[3mNotes:
- UNEXPECTED[3m	:can be ignored when loading from different task/architecture; not ok if you expect identical arch.[0m
/usr/local/lib/python3.10/dist-packages/umap/umap_.py:1952: UserWarning: n_jobs value 1 overridden to 1 by setting random_state. Use no seed for parallelism.
  warn(

Analyzing Utilization:   0%|          | 0/27 [00:00<?, ?it/s]
Analyzing Utilization:   4%|▎         | 1/27 [00:00<00:04,  6.24it/s]
Analyzing Utilization:  15%|█▍        | 4/27 [00:00<00:01, 15.34it/s]
Analyzing Utilization:  26%|██▌       | 7/27 [00:00<00:01, 18.88it/s]
Analyzing Utilization:  37%|███▋      | 10/27 [00:00<00:00, 20.59it/s]
Analyzing Utilization:  48%|████▊     | 13/27 [00:00<00:00, 21.59it/s]
Analyzing Utilization:  59%|█████▉    | 16/27 [00:00<00:00, 22.18it/s]
Analyzing Utilization:  70%|███████   | 19/27 [00:00<00:00, 22.45it/s]
Analyzing Utilization:  81%|████████▏ | 22/27 [00:01<00:00, 22.84it/s]
Analyzing Utilization:  93%|█████████▎| 25/27 [00:01<00:00, 22.96it/s]
Analyzing Utilization: 100%|██████████| 27/27 [00:01<00:00, 21.29it/s]
